
ROM used: 7016 (21%)
          7016 (21%) including unused fragments

          6 Average locations per line
          15 Average locations per statement

RAM used: 13 (1%) at main() level
          28 (1%) worst case

Stack used: 5 worst case (out of 31 total available)

Lines Stmts  %   Files
----- ----- ---  -----
  572   421  91  main.c
  429     0   0  18f4550.H
  233    44   9  flex_lcd.c
----- -----
 1234   465 Total

Page ROM  %  RAM   Vol Diff  Functions:
---- --- --- ---   --- ----  ----------
0     40   0   1             @delay_ms1
0     20   0   0             @const48
0     62   0   1   326  2.8  lcd_send_nibble
0     60   0   3   235  3.8  lcd_send_byte
0     88   1   3   380  4.7  lcd_init
0     34   0   4   186  5.5  lcd_gotoxy
0     68   0   1   277  3.8  lcd_putc
0     52   0   1   265  4.9  resposta
0   5334  38   1 16353  5.5  MAIN
0     32   0   0             @const75
0     32   0   0             @const76
0     36   0   0             @const77
0     34   0   0             @const78
0     34   0   0             @const79
0     34   0   0             @const80
0     34   0   0             @const81
0     34   0   0             @const82
0     40   0   3             @DIV88
0    200   1   6             @PRINTF_D_61
0     32   0   0             @const89
0     36   0   0             @const91
0     34   0   0             @const92
0     34   0   0             @const97
0     36   0   0             @const99
0     36   0   0             @const107
0     34   0   0             @const108
0     34   0   0             @const110
0     36   0   0             @const115
0     34   0   0             @const123
0     34   0   0             @const124
0     34   0   0             @const132
0     34   0   0             @const140
0     34   0   0             @const149
0     32   0   0             @const153
0     34   0   0             @const157
0    196   1   1  1084  3.4  le_teclado

Program metrics:
    Functions               8
    Statements              465
    Comments                181
    Volume (V)              22188
    Difficilty (D)          35.0
    Effort to implement (E) 776808
    Time to implement (T)   11 hours, 59 minutes
    Est Delivered Bugs (B)  3
    Cyclomatic Complexity   44
    Maintainability (MI)    107

 Segment     Used  Free
-----------  ----  ----
00000-00002     4  0  
00004-07FFE  7012  25752  



