
ROM used: 3696 (11%)
          3696 (11%) including unused fragments

          3 Average locations per line
          12 Average locations per statement

RAM used: 9 (0%) at main() level
          18 (1%) worst case

Stack used: 4 worst case (out of 31 total available)

Lines Stmts  %   Files
----- ----- ---  -----
  409   252  85  main.c
  429     0   0  18f4550.H
  233    44  15  flex_lcd.c
----- -----
 1071   296 Total

Page ROM  %  RAM   Vol Diff  Functions:
---- --- --- ---   --- ----  ----------
0     40   1   1             @delay_ms1
0     20   0   0             @const48
0     62   1   1   326  2.8  lcd_send_nibble
0     60   1   3   235  3.8  lcd_send_byte
0     90   1   3   380  4.7  lcd_init
0     34   0   4   186  5.5  lcd_gotoxy
0     68   1   1   277  3.8  lcd_putc
0   2226  30   1  7649  6.5  MAIN
0     30   0   0             @const71
0     30   0   0             @const72
0     32   0   0             @const73
0     30   0   0             @const74
0     36   0   0             @const75
0     32   0   0             @const77
0     32   0   0             @const80
0     36   0   0             @const81
0     32   0   0             @const82
0     34   0   0             @const83
0     34   0   0             @const84
0     38   1   0             @const92
0     32   0   0             @const93
0     34   0   0             @const94
0     34   0   0             @const102
0     34   0   0             @const103
0     34   0   0             @const104
0     36   0   0             @const105
0     36   0   0             @const106
0     36   0   0             @const112
0     38   1   0             @const113
0     34   0   0             @const114
0     32   0   0             @const115
0     30   0   0             @const116
0     56   1   1   328  5.0  tony
0     34   0   0             @goto10448
0    196   3   1  1084  3.4  le_teclado

Program metrics:
    Functions               8
    Statements              296
    Comments                171
    Volume (V)              13200
    Difficilty (D)          35.1
    Effort to implement (E) 463119
    Time to implement (T)   7 hours, 9 minutes
    Est Delivered Bugs (B)  2
    Cyclomatic Complexity   37
    Maintainability (MI)    111

 Segment     Used  Free
-----------  ----  ----
00000-00002     4  0  
00004-07FFE  3692  29072  



