
ROM used: 6172 (19%)
          6172 (19%) including unused fragments

          6 Average locations per line
          17 Average locations per statement

RAM used: 9 (0%) at main() level
          24 (1%) worst case

Stack used: 5 worst case (out of 31 total available)

Lines Stmts  %   Files
----- ----- ---  -----
  443   328  88  main.c
  429     0   0  18f4550.H
  233    44  12  flex_lcd.c
----- -----
 1105   372 Total

Page ROM  %  RAM   Vol Diff  Functions:
---- --- --- ---   --- ----  ----------
0     40   0   1             @delay_ms1
0     20   0   0             @const48
0     62   1   1   326  2.8  lcd_send_nibble
0     60   0   3   235  3.8  lcd_send_byte
0     88   1   3   380  4.7  lcd_init
0     34   0   4   186  5.5  lcd_gotoxy
0     68   1   1   277  3.8  lcd_putc
0     56   0   1   323  5.0  feedback
0     34   0   0             @goto10116
0   3510  28   1 11504  5.5  MAIN
0     34   0   0             @const72
0     34   0   0             @const73
0     34   0   0             @const74
0     34   0   0             @const75
0     34   0   0             @const76
0     34   0   0             @const77
0     34   0   0             @const78
0     34   0   0             @const79
0     34   0   0             @const80
0     34   0   0             @const82
0     34   0   0             @const83
0     40   0   3             @DIV88
0    200   2   6             @PRINTF_D_61
0     34   0   0             @const90
0     32   0   0             @const91
0     34   0   0             @const92
0     28   0   0             @const93
0     34   0   0             @const94
0     34   0   0             @const95
0     34   0   0             @const96
0     34   0   0             @const98
0     34   0   0             @const99
0     34   0   0             @const101
0     34   0   0             @const104
0     34   0   0             @const105
0     34   0   0             @const106
0     34   0   0             @const108
0     34   0   0             @const109
0     34   0   0             @const110
0     34   0   0             @const112
0     34   0   0             @const115
0     34   0   0             @const116
0     34   0   0             @const117
0     34   0   0             @const118
0     34   0   0             @const119
0     34   0   0             @const120
0     34   0   0             @const121
0     34   0   0             @const122
0     34   0   0             @const123
0     34   0   0             @const124
0     34   0   0             @const125
0     34   0   0             @const126
0     34   0   0             @const129
0     34   0   0             @const130
0     34   0   0             @const131
0     34   0   0             @const133
0     34   0   0             @const134
0     34   0   0             @const135
0     34   0   0             @const137
0     34   0   0             @const140
0     34   0   0             @const142
0     34   0   0             @const143
0     34   0   0             @const144
0     34   0   0             @const146
0    196   2   1  1084  3.4  le_teclado

Program metrics:
    Functions               8
    Statements              372
    Comments                192
    Volume (V)              17334
    Difficilty (D)          33.5
    Effort to implement (E) 580576
    Time to implement (T)   8 hours, 58 minutes
    Est Delivered Bugs (B)  2
    Cyclomatic Complexity   37
    Maintainability (MI)    116

 Segment     Used  Free
-----------  ----  ----
00000-00002     4  0  
00004-07FFE  6168  26596  



